# JRE version: OpenJDK Runtime Environment Temurin-21.0.5+11 (21.0.5+11) (build 21.0.5+11-LTS)
# Java VM: OpenJDK 64-Bit Server VM Temurin-21.0.5+11 (21.0.5+11-LTS, mixed mode, tiered, compressed oops, compressed class ptrs, g1 gc, linux-amd64)
GC Precious Log:
 CardTable entry size: 512
 Card Set container configuration: InlinePtr #cards 5 size 8 Array Of Cards #cards 12 size 40 Howl #buckets 4 coarsen threshold 1843 Howl Bitmap #cards 512 size 80 coarsen threshold 460 Card regions per heap region 1 cards per card region 2048
 CPUs: 4 total, 4 available
 Memory: 7613M
 Large Page Support: Disabled
 NUMA Support: Disabled
 Compressed Oops: Enabled (32-bit)
 Heap Region Size: 1M
 Heap Min Capacity: 64M
 Heap Initial Capacity: 64M
 Heap Max Capacity: 1G
 Pre-touch: Disabled
 Parallel Workers: 4
 Concurrent Workers: 1
 Concurrent Refinement Workers: 4
 Periodic GC: Disabled
Heap:
 garbage-first heap   total 97280K, used 66330K [0x00000000c0000000, 0x0000000100000000)
  region size 1024K, 11 young (11264K), 1 survivors (1024K)
 Metaspace       used 89560K, committed 91648K, reserved 1179648K
  class space    used 10300K, committed 11200K, reserved 1048576K
GC Heap History (20 events):
Event: 268,640 GC heap before
{Heap before GC invocations=31 (full 0):
 garbage-first heap   total 89088K, used 80318K [0x00000000c0000000, 0x0000000100000000)
  region size 1024K, 30 young (30720K), 3 survivors (3072K)
 Metaspace       used 83169K, committed 85120K, reserved 1179648K
  class space    used 9726K, committed 10560K, reserved 1048576K
}
Event: 268,650 GC heap after
{Heap after GC invocations=32 (full 0):
 garbage-first heap   total 89088K, used 52066K [0x00000000c0000000, 0x0000000100000000)
  region size 1024K, 2 young (2048K), 2 survivors (2048K)
 Metaspace       used 83169K, committed 85120K, reserved 1179648K
  class space    used 9726K, committed 10560K, reserved 1048576K
}
Event: 277,297 GC heap before
{Heap before GC invocations=32 (full 0):
 garbage-first heap   total 89088K, used 80738K [0x00000000c0000000, 0x0000000100000000)
  region size 1024K, 30 young (30720K), 2 survivors (2048K)
 Metaspace       used 83431K, committed 85440K, reserved 1179648K
  class space    used 9750K, committed 10624K, reserved 1048576K
}
Event: 277,329 GC heap after
{Heap after GC invocations=33 (full 0):
 garbage-first heap   total 89088K, used 53108K [0x00000000c0000000, 0x0000000100000000)
  region size 1024K, 3 young (3072K), 3 survivors (3072K)
 Metaspace       used 83431K, committed 85440K, reserved 1179648K
  class space    used 9750K, committed 10624K, reserved 1048576K
}
Event: 283,832 GC heap before
{Heap before GC invocations=34 (full 0):
 garbage-first heap   total 91136K, used 79732K [0x00000000c0000000, 0x0000000100000000)
  region size 1024K, 29 young (29696K), 3 survivors (3072K)
 Metaspace       used 83749K, committed 85760K, reserved 1179648K
  class space    used 9773K, committed 10624K, reserved 1048576K
}
Event: 283,838 GC heap after
{Heap after GC invocations=35 (full 0):
 garbage-first heap   total 91136K, used 53802K [0x00000000c0000000, 0x0000000100000000)
  region size 1024K, 3 young (3072K), 3 survivors (3072K)
 Metaspace       used 83749K, committed 85760K, reserved 1179648K
  class space    used 9773K, committed 10624K, reserved 1048576K
}
Event: 285,186 GC heap before
{Heap before GC invocations=35 (full 0):
 garbage-first heap   total 91136K, used 81450K [0x00000000c0000000, 0x0000000100000000)
  region size 1024K, 30 young (30720K), 3 survivors (3072K)
 Metaspace       used 86918K, committed 88896K, reserved 1179648K
  class space    used 10045K, committed 10880K, reserved 1048576K
}
Event: 285,202 GC heap after
{Heap after GC invocations=36 (full 0):
 garbage-first heap   total 91136K, used 54611K [0x00000000c0000000, 0x0000000100000000)
  region size 1024K, 4 young (4096K), 4 survivors (4096K)
 Metaspace       used 86918K, committed 88896K, reserved 1179648K
  class space    used 10045K, committed 10880K, reserved 1048576K
}
Event: 290,789 GC heap before
{Heap before GC invocations=36 (full 0):
 garbage-first heap   total 91136K, used 80211K [0x00000000c0000000, 0x0000000100000000)
  region size 1024K, 30 young (30720K), 4 survivors (4096K)
 Metaspace       used 88804K, committed 90944K, reserved 1179648K
  class space    used 10260K, committed 11200K, reserved 1048576K
}
Event: 290,800 GC heap after
{Heap after GC invocations=37 (full 0):
 garbage-first heap   total 91136K, used 55687K [0x00000000c0000000, 0x0000000100000000)
  region size 1024K, 3 young (3072K), 3 survivors (3072K)
 Metaspace       used 88804K, committed 90944K, reserved 1179648K
  class space    used 10260K, committed 11200K, reserved 1048576K
}
Event: 294,549 GC heap before
{Heap before GC invocations=38 (full 0):
 garbage-first heap   total 94208K, used 81287K [0x00000000c0000000, 0x0000000100000000)
  region size 1024K, 28 young (28672K), 3 survivors (3072K)
 Metaspace       used 88847K, committed 90944K, reserved 1179648K
  class space    used 10260K, committed 11200K, reserved 1048576K
}
Event: 294,558 GC heap after
{Heap after GC invocations=39 (full 0):
 garbage-first heap   total 94208K, used 56025K [0x00000000c0000000, 0x0000000100000000)
  region size 1024K, 2 young (2048K), 2 survivors (2048K)
 Metaspace       used 88847K, committed 90944K, reserved 1179648K
  class space    used 10260K, committed 11200K, reserved 1048576K
}
Event: 297,433 GC heap before
{Heap before GC invocations=39 (full 0):
 garbage-first heap   total 94208K, used 84697K [0x00000000c0000000, 0x0000000100000000)
  region size 1024K, 30 young (30720K), 2 survivors (2048K)
 Metaspace       used 88935K, committed 91072K, reserved 1179648K
  class space    used 10261K, committed 11200K, reserved 1048576K
}
Event: 297,451 GC heap after
{Heap after GC invocations=40 (full 0):
 garbage-first heap   total 94208K, used 56264K [0x00000000c0000000, 0x0000000100000000)
  region size 1024K, 2 young (2048K), 2 survivors (2048K)
 Metaspace       used 88935K, committed 91072K, reserved 1179648K
  class space    used 10261K, committed 11200K, reserved 1048576K
}
Event: 315,723 GC heap before
{Heap before GC invocations=40 (full 0):
 garbage-first heap   total 94208K, used 84936K [0x00000000c0000000, 0x0000000100000000)
  region size 1024K, 31 young (31744K), 2 survivors (2048K)
 Metaspace       used 89398K, committed 91456K, reserved 1179648K
  class space    used 10298K, committed 11200K, reserved 1048576K
}
Event: 315,732 GC heap after
{Heap after GC invocations=41 (full 0):
 garbage-first heap   total 94208K, used 58315K [0x00000000c0000000, 0x0000000100000000)
  region size 1024K, 4 young (4096K), 4 survivors (4096K)
 Metaspace       used 89398K, committed 91456K, reserved 1179648K
  class space    used 10298K, committed 11200K, reserved 1048576K
}
Event: 615,939 GC heap before
{Heap before GC invocations=42 (full 0):
 garbage-first heap   total 97280K, used 83915K [0x00000000c0000000, 0x0000000100000000)
  region size 1024K, 29 young (29696K), 4 survivors (4096K)
 Metaspace       used 89470K, committed 91584K, reserved 1179648K
  class space    used 10298K, committed 11200K, reserved 1048576K
}
Event: 616,073 GC heap after
{Heap after GC invocations=43 (full 0):
 garbage-first heap   total 97280K, used 58457K [0x00000000c0000000, 0x0000000100000000)
  region size 1024K, 2 young (2048K), 2 survivors (2048K)
 Metaspace       used 89470K, committed 91584K, reserved 1179648K
  class space    used 10298K, committed 11200K, reserved 1048576K
}
Event: 1517,899 GC heap before
{Heap before GC invocations=43 (full 0):
 garbage-first heap   total 97280K, used 88153K [0x00000000c0000000, 0x0000000100000000)
  region size 1024K, 31 young (31744K), 2 survivors (2048K)
 Metaspace       used 89537K, committed 91584K, reserved 1179648K
  class space    used 10298K, committed 11200K, reserved 1048576K
}
Event: 1517,920 GC heap after
{Heap after GC invocations=44 (full 0):
 garbage-first heap   total 97280K, used 57114K [0x00000000c0000000, 0x0000000100000000)
  region size 1024K, 1 young (1024K), 1 survivors (1024K)
 Metaspace       used 89537K, committed 91584K, reserved 1179648K
  class space    used 10298K, committed 11200K, reserved 1048576K
}

